Started GET "/" for ::1 at 2022-04-22 17:31:43 -0400

ActiveRecord::NoDatabaseError - FATAL:  database "FBook_development" does not exist:

Started POST "/__better_errors/839bccdf4e75f1c3/variables" for ::1 at 2022-04-22 17:31:44 -0400
  [1m[35m (301.9ms)[0m  [1m[35mCREATE DATABASE "FBook_development" ENCODING = 'unicode'[0m
  ↳ bin/rails:9
  [1m[35m (328.4ms)[0m  [1m[35mCREATE DATABASE "FBook_test" ENCODING = 'unicode'[0m
  ↳ bin/rails:9
Started GET "/" for ::1 at 2022-04-22 17:36:51 -0400
Processing by StaticPagesController#root as HTML
  Rendering static_pages/root.html.erb within layouts/application
  Rendered static_pages/root.html.erb within layouts/application (3.2ms)
Completed 200 OK in 3388ms (Views: 3386.1ms | ActiveRecord: 0.0ms)


Started GET "/" for ::1 at 2022-04-22 17:40:38 -0400
Processing by StaticPagesController#root as HTML
  Rendering static_pages/root.html.erb within layouts/application
  Rendered static_pages/root.html.erb within layouts/application (0.5ms)
Completed 200 OK in 1085ms (Views: 1084.3ms | ActiveRecord: 0.0ms)


Started GET "/" for ::1 at 2022-04-22 17:41:59 -0400
Processing by StaticPagesController#root as HTML
  Rendering static_pages/root.html.erb within layouts/application
  Rendered static_pages/root.html.erb within layouts/application (0.4ms)
Completed 200 OK in 18ms (Views: 17.5ms | ActiveRecord: 0.0ms)


Started GET "/" for ::1 at 2022-04-22 17:42:25 -0400
Processing by StaticPagesController#root as HTML
  Rendering static_pages/root.html.erb within layouts/application
  Rendered static_pages/root.html.erb within layouts/application (0.3ms)
Completed 200 OK in 16ms (Views: 14.8ms | ActiveRecord: 0.0ms)


Started GET "/" for ::1 at 2022-04-22 17:43:04 -0400
Processing by StaticPagesController#root as HTML
  Rendering static_pages/root.html.erb within layouts/application
  Rendered static_pages/root.html.erb within layouts/application (0.3ms)
Completed 200 OK in 987ms (Views: 986.7ms | ActiveRecord: 0.0ms)


